{
  "RSpec": {
    "coverage": {
      "/Users/aandrade/Workspace/Transam/transam_spatial/lib/transam_spatial.rb": [
        1,
        1,
        1,
        1,
        1,
        1,
        1,
        1,
        null,
        1,
        null,
        null
      ],
      "/Users/aandrade/Workspace/Transam/transam_spatial/lib/transam_spatial/engine.rb": [
        1,
        null,
        1,
        1,
        null,
        1,
        1,
        1,
        1,
        1,
        1,
        null,
        null,
        1,
        1,
        0,
        0,
        null,
        0,
        0,
        0,
        null,
        null,
        null,
        null,
        1,
        1,
        1,
        1,
        1,
        null,
        null,
        null
      ],
      "/Users/aandrade/Workspace/Transam/transam_spatial/lib/transam_spatial/transam_geo_locatable.rb": [
        null,
        null,
        null,
        null,
        null,
        null,
        null,
        null,
        null,
        null,
        null,
        null,
        null,
        null,
        null,
        null,
        null,
        null,
        null,
        null,
        null,
        null,
        null,
        null,
        null,
        null,
        null,
        null,
        null,
        null,
        null,
        null,
        null,
        null,
        null,
        null,
        null,
        null,
        null,
        null,
        null,
        null,
        null,
        1,
        1,
        null,
        1,
        null,
        null,
        null,
        null,
        null,
        4,
        null,
        null,
        null,
        null,
        null,
        4,
        null,
        null,
        null,
        null,
        4,
        4,
        4,
        4,
        4,
        null,
        null,
        null,
        null,
        null,
        4,
        null,
        null,
        null,
        null,
        null,
        null,
        null,
        null,
        null,
        1,
        null,
        1,
        0,
        0,
        null,
        null,
        null,
        null,
        0,
        null,
        0,
        null,
        0,
        null,
        null,
        null,
        null,
        null,
        null,
        null,
        null,
        null,
        null,
        null,
        null,
        1,
        2,
        null,
        null,
        null,
        1,
        2,
        2,
        2,
        null,
        null,
        null,
        null,
        null,
        null,
        1,
        2,
        null,
        null,
        1,
        1,
        null,
        null,
        null,
        null,
        1,
        null,
        null,
        38,
        1,
        1,
        1,
        null,
        37,
        null,
        6,
        31,
        null,
        12,
        null,
        null,
        null,
        19,
        19,
        null,
        19,
        1,
        1,
        1,
        null,
        null,
        null,
        18,
        null,
        null,
        18,
        18,
        null,
        null,
        1,
        1,
        null,
        1,
        null,
        null,
        0,
        null,
        0,
        null,
        1,
        null,
        null,
        null,
        1,
        null,
        null,
        null,
        18,
        0,
        0,
        null,
        0,
        null,
        0,
        0,
        null,
        0,
        null,
        null,
        null,
        null,
        null,
        null,
        null,
        1,
        null,
        35,
        null,
        null,
        35,
        1,
        1,
        null,
        null,
        null,
        5,
        null,
        null,
        null,
        11,
        null,
        null,
        null,
        18,
        18,
        null,
        18,
        1,
        1,
        null,
        17,
        null,
        null,
        null,
        null,
        35,
        33,
        null,
        35,
        null,
        null,
        1,
        null,
        1,
        3,
        3,
        2,
        2,
        2,
        null,
        null,
        null,
        null,
        null,
        null,
        null,
        null,
        null,
        null,
        2,
        2,
        null,
        1,
        null,
        null,
        null
      ],
      "/Users/aandrade/Workspace/Transam/transam_spatial/lib/transam_spatial/transam_geo_JSON_feature.rb": [
        null,
        null,
        null,
        null,
        null,
        null,
        null,
        null,
        null,
        null,
        null,
        null,
        null,
        null,
        null,
        null,
        null,
        null,
        null,
        null,
        null,
        null,
        1,
        1,
        null,
        1,
        null,
        null,
        null,
        null,
        null,
        null,
        null,
        null,
        null,
        null,
        null,
        null,
        null,
        null,
        1,
        null,
        1,
        null,
        null,
        null,
        null,
        null,
        null,
        null,
        null,
        null,
        null,
        null,
        null,
        null,
        1,
        null,
        1,
        1,
        1,
        null,
        null,
        null,
        null,
        null,
        null,
        null,
        null,
        null,
        null,
        1,
        2,
        2,
        2,
        2,
        1,
        null,
        1,
        3,
        1,
        null,
        null,
        null,
        0,
        null,
        null,
        2,
        2,
        2,
        4,
        null,
        null,
        null,
        null,
        2,
        null,
        null,
        null
      ],
      "/Users/aandrade/Workspace/Transam/transam_spatial/lib/transam_spatial/transam_address_locatable.rb": [
        null,
        null,
        null,
        null,
        null,
        null,
        null,
        null,
        null,
        null,
        null,
        null,
        null,
        1,
        1,
        null,
        1,
        null,
        1,
        null,
        null,
        null,
        null,
        null,
        null,
        null,
        null,
        null,
        1,
        null,
        null,
        null,
        null,
        null,
        null,
        null,
        null,
        null,
        1,
        1,
        null,
        null,
        null,
        1,
        17,
        17,
        null,
        null,
        null,
        1,
        18,
        18,
        18,
        18,
        18,
        18,
        18,
        18,
        null,
        null,
        null
      ],
      "/Users/aandrade/Workspace/Transam/transam_spatial/lib/transam_spatial/transam_coordinate_locatable.rb": [
        null,
        null,
        null,
        null,
        null,
        null,
        null,
        null,
        null,
        null,
        null,
        null,
        1,
        1,
        null,
        1,
        1,
        null,
        1,
        null,
        1,
        null,
        null,
        null,
        null,
        null,
        null,
        null,
        null,
        null,
        1,
        null,
        null,
        null,
        null,
        null,
        null,
        null,
        null,
        null,
        1,
        1,
        null,
        null,
        null,
        1,
        10,
        5,
        5,
        null,
        5,
        5,
        5,
        5,
        null,
        null,
        null,
        null
      ],
      "/Users/aandrade/Workspace/Transam/transam_spatial/lib/transam_spatial/transam_parent_locatable.rb": [
        null,
        null,
        null,
        null,
        null,
        null,
        null,
        null,
        null,
        null,
        null,
        null,
        null,
        1,
        1,
        null,
        1,
        null,
        2,
        null,
        null,
        null,
        null,
        null,
        null,
        null,
        null,
        null,
        1,
        null,
        null,
        null,
        null,
        null,
        null,
        null,
        null,
        null,
        1,
        1,
        null,
        null,
        null,
        1,
        13,
        13,
        null,
        null,
        null,
        null,
        1,
        14,
        1,
        1,
        null,
        13,
        13,
        null,
        null,
        null,
        null
      ],
      "/Users/aandrade/Workspace/Transam/transam_spatial/lib/transam_spatial/transam_association_locatable.rb": [
        null,
        null,
        null,
        null,
        null,
        null,
        null,
        null,
        null,
        null,
        null,
        null,
        null,
        null,
        null,
        null,
        null,
        null,
        null,
        null,
        null,
        null,
        null,
        null,
        1,
        1,
        null,
        1,
        null,
        0,
        null,
        null,
        null,
        null,
        0,
        0,
        null,
        null,
        null,
        null,
        null,
        null,
        1,
        null,
        1,
        0,
        0,
        null,
        null,
        null,
        null,
        null,
        null,
        null,
        null,
        null,
        null,
        1,
        0,
        null,
        null,
        null,
        1,
        0,
        0,
        0,
        0,
        0,
        null,
        null,
        null,
        null,
        null,
        1,
        0,
        0,
        0,
        0,
        null,
        0,
        0,
        null,
        null,
        null,
        null
      ],
      "/Users/aandrade/Workspace/Transam/transam_spatial/lib/transam_spatial/transam_geocodable.rb": [
        null,
        null,
        null,
        null,
        null,
        null,
        null,
        null,
        null,
        null,
        1,
        1,
        null,
        1,
        null,
        null,
        null,
        null,
        null,
        null,
        2,
        2,
        null,
        null,
        null,
        null,
        null,
        null,
        null,
        null,
        null,
        null,
        null,
        null,
        null,
        null,
        null,
        null,
        null,
        null,
        1,
        null,
        null,
        null,
        null,
        null,
        null,
        null,
        null,
        null,
        1,
        2,
        null,
        null,
        null,
        1,
        61,
        61,
        61,
        61,
        61,
        61,
        61,
        null,
        null,
        null
      ],
      "/Users/aandrade/Workspace/Transam/transam_spatial/app/controllers/maps_controller.rb": [
        1,
        null,
        1,
        0,
        null,
        null,
        null,
        null,
        1,
        null,
        0,
        0,
        0,
        0,
        0,
        0,
        null,
        null,
        null,
        null,
        null,
        1,
        0,
        0,
        0,
        0,
        0,
        0,
        null,
        null,
        null,
        0,
        null,
        null,
        null,
        1,
        0,
        null,
        0,
        null,
        0,
        null,
        null,
        null
      ],
      "/Users/aandrade/Workspace/Transam/transam_spatial/app/models/map_overlay_service_type.rb": [
        null,
        null,
        null,
        null,
        null,
        null,
        null,
        null,
        1,
        1,
        1,
        null,
        1,
        null,
        1,
        1,
        null,
        null
      ],
      "/Users/aandrade/Workspace/Transam/transam_spatial/app/models/location_reference_type.rb": [
        1,
        null,
        null,
        1,
        null,
        1,
        1,
        null,
        null,
        null
      ],
      "/Users/aandrade/Workspace/Transam/transam_spatial/app/models/map_overlay_service.rb": [
        1,
        null,
        null,
        1,
        null,
        1,
        1,
        1,
        null,
        1,
        1,
        1,
        null,
        null,
        1,
        null,
        1,
        null,
        null,
        null,
        null,
        null,
        null,
        null,
        1,
        1,
        null,
        null,
        1,
        1,
        null,
        null,
        null
      ],
      "/Users/aandrade/Workspace/Transam/transam_spatial/app/models/georuby_geometry_adapter.rb": [
        null,
        null,
        null,
        null,
        null,
        null,
        null,
        1,
        1,
        null,
        1,
        null,
        1,
        1,
        null,
        1,
        1,
        1,
        1,
        1,
        1,
        1,
        null,
        null,
        null,
        1,
        1,
        1,
        1,
        1,
        2,
        2,
        2,
        null,
        1,
        1,
        null,
        null,
        1,
        1,
        1,
        1,
        1,
        3,
        3,
        3,
        null,
        1,
        1,
        null,
        null,
        1,
        3,
        null,
        null,
        1,
        8,
        8,
        null,
        null,
        null
      ],
      "/Users/aandrade/Workspace/Transam/transam_spatial/app/models/rgeo_geometry_adapter.rb": [
        null,
        null,
        null,
        null,
        null,
        null,
        null,
        1,
        null,
        1,
        1,
        null,
        null,
        null,
        null,
        null,
        1,
        1,
        null,
        null,
        1,
        1,
        1,
        null,
        null,
        null,
        1,
        1,
        1,
        1,
        1,
        null,
        null,
        null,
        1,
        1,
        1,
        null,
        null,
        null,
        1,
        22,
        22,
        null,
        null,
        null,
        1,
        6,
        6,
        6,
        19,
        null,
        6,
        null,
        null,
        1,
        3,
        null,
        3,
        3,
        2,
        null,
        3,
        null,
        null,
        1,
        6,
        null,
        null,
        1,
        36,
        36,
        null,
        null
      ],
      "/Users/aandrade/Workspace/Transam/transam_spatial/app/models/transam_geometry_factory.rb": [
        null,
        null,
        null,
        null,
        null,
        null,
        null,
        null,
        null,
        null,
        null,
        null,
        null,
        1,
        null,
        1,
        null,
        null,
        1,
        null,
        null,
        null,
        20,
        19,
        19,
        null,
        1,
        null,
        null,
        null,
        null,
        null,
        1,
        4,
        2,
        null,
        2,
        null,
        null,
        null,
        1,
        22,
        20,
        2,
        1,
        null,
        1,
        null,
        null,
        null
      ],
      "/Users/aandrade/Workspace/Transam/transam_spatial/app/services/abstract_geocoding_service.rb": [
        null,
        null,
        null,
        null,
        null,
        null,
        null,
        null,
        null,
        null,
        null,
        null,
        null,
        null,
        null,
        null,
        null,
        null,
        null,
        null,
        null,
        1,
        null,
        1,
        1,
        1,
        null,
        null,
        1,
        null,
        1,
        null,
        1,
        null,
        1,
        null,
        1,
        null,
        null,
        1,
        null,
        1,
        null,
        51,
        null,
        null,
        null,
        1,
        38,
        null,
        null,
        null,
        null,
        null,
        null,
        null,
        null,
        1,
        1,
        null,
        1,
        1,
        1,
        1,
        1,
        null,
        null,
        0,
        null,
        1,
        null,
        null,
        null,
        null,
        1,
        36,
        null,
        36,
        36,
        36,
        36,
        36,
        null,
        null,
        0,
        null,
        36,
        null,
        null,
        null,
        null,
        null,
        null,
        null,
        null,
        1,
        1,
        null,
        1,
        1,
        null,
        null,
        null,
        null,
        1,
        null,
        7,
        null,
        7,
        null,
        7,
        7,
        null,
        2,
        2,
        2,
        2,
        2,
        2,
        null,
        null,
        1,
        1,
        1,
        1,
        1,
        1,
        null,
        4,
        4,
        null,
        7,
        null,
        null,
        null,
        null,
        null,
        null,
        1,
        null,
        0,
        null,
        0,
        null,
        0,
        null,
        0,
        null,
        null,
        0,
        null,
        0,
        0,
        null,
        0,
        null,
        null,
        null,
        null,
        1,
        35,
        35,
        null,
        null,
        null,
        1,
        null,
        null,
        1,
        1,
        null,
        1,
        2,
        null,
        null,
        1,
        4,
        null,
        null,
        1,
        96,
        96,
        96,
        96,
        96,
        96,
        null,
        null,
        null
      ],
      "/Users/aandrade/Workspace/Transam/transam_spatial/app/services/gis_service.rb": [
        1,
        null,
        1,
        1,
        null,
        1,
        1,
        null,
        1,
        1,
        1,
        1,
        null,
        null,
        1,
        null,
        1,
        null,
        1,
        null,
        1,
        1,
        1,
        null,
        1,
        14,
        14,
        14,
        14,
        null,
        null,
        14,
        null,
        null,
        null,
        null,
        null,
        1,
        5,
        1,
        4,
        1,
        null,
        null,
        null,
        null,
        null,
        null,
        3,
        3,
        null,
        3,
        1,
        2,
        1,
        null,
        1,
        1,
        1,
        null,
        null,
        null,
        null,
        null,
        1,
        0,
        null,
        null,
        1,
        3,
        3,
        null,
        null,
        1,
        null,
        1,
        1,
        null,
        1,
        1,
        1,
        1,
        null,
        1,
        1,
        1,
        1,
        1,
        1,
        1,
        null,
        null,
        null,
        1,
        3,
        null,
        1,
        3,
        null,
        null,
        null,
        1,
        0,
        0,
        null,
        null,
        0,
        0,
        null,
        0,
        0,
        null,
        null,
        0,
        0,
        0,
        0,
        null,
        0,
        0,
        0,
        0,
        0,
        0,
        0,
        null,
        null,
        null,
        1,
        11,
        null,
        null,
        1,
        1,
        null,
        null,
        null,
        1,
        2,
        null,
        null,
        1,
        null,
        1,
        6,
        null,
        null,
        1,
        6,
        null,
        null,
        null
      ],
      "/Users/aandrade/Workspace/Transam/transam_spatial/app/services/google_geocoding_service.rb": [
        null,
        null,
        null,
        null,
        null,
        null,
        1,
        null,
        null,
        1,
        1,
        1,
        1,
        null,
        null,
        null,
        1,
        null,
        null,
        null,
        null,
        null,
        null,
        null,
        null,
        null,
        null,
        null,
        null,
        1,
        51,
        51,
        51,
        51,
        51,
        51,
        2,
        null,
        null,
        null,
        null,
        1,
        null,
        null,
        null,
        null,
        null,
        null,
        null,
        null,
        null,
        1,
        2,
        2,
        null,
        null,
        null,
        null,
        1,
        36,
        36,
        null,
        null,
        null,
        null,
        null,
        1,
        38,
        38,
        20,
        null,
        null,
        null,
        null,
        null,
        null,
        null,
        null,
        null,
        null,
        null,
        null,
        10,
        10,
        null,
        null,
        null,
        38,
        38,
        2,
        2,
        null,
        null,
        null,
        null,
        null,
        1,
        10,
        8,
        null,
        2,
        null,
        null,
        null,
        null,
        1,
        20,
        28,
        10,
        null,
        null,
        10,
        null,
        null,
        null
      ],
      "/Users/aandrade/Workspace/Transam/transam_spatial/app/services/location_reference_service.rb": [
        null,
        null,
        null,
        null,
        null,
        null,
        null,
        null,
        null,
        null,
        null,
        null,
        null,
        null,
        null,
        null,
        null,
        null,
        null,
        null,
        null,
        null,
        null,
        null,
        null,
        null,
        null,
        null,
        null,
        null,
        null,
        null,
        null,
        null,
        null,
        null,
        null,
        null,
        null,
        null,
        null,
        null,
        1,
        null,
        null,
        1,
        null,
        null,
        null,
        null,
        null,
        1,
        null,
        1,
        null,
        null,
        null,
        null,
        null,
        1,
        null,
        1,
        null,
        1,
        null,
        1,
        null,
        1,
        1,
        null,
        null,
        null,
        null,
        null,
        1,
        null,
        null,
        null,
        null,
        null,
        1,
        38,
        null,
        null,
        null,
        null,
        null,
        null,
        null,
        1,
        40,
        null,
        40,
        40,
        40,
        null,
        null,
        null,
        40,
        40,
        38,
        38,
        null,
        null,
        null,
        38,
        3,
        3,
        null,
        null,
        null,
        35,
        null,
        35,
        null,
        35,
        35,
        35,
        null,
        null,
        2,
        null,
        null,
        40,
        null,
        null,
        null,
        1,
        null,
        42,
        null,
        42,
        5,
        null,
        null,
        null,
        42,
        null,
        null,
        null,
        null,
        null,
        1,
        null,
        null,
        1,
        83,
        83,
        83,
        83,
        83,
        83,
        null,
        null,
        null
      ],
      "/Users/aandrade/Workspace/Transam/transam_spatial/app/models/abilities/transit_manager_spatial_ability.rb": [
        0,
        0,
        0,
        null,
        0,
        null,
        0,
        0,
        0,
        null,
        0,
        0,
        0,
        null,
        0,
        null,
        0,
        0,
        0
      ],
      "/Users/aandrade/Workspace/Transam/transam_spatial/app/models/concerns/transam_map_markers.rb": [
        0,
        null,
        0,
        null,
        null,
        0,
        0,
        0,
        0,
        0,
        0,
        0,
        0,
        0,
        0,
        0,
        0,
        0,
        null,
        null,
        0,
        0,
        0,
        0,
        0,
        0,
        0,
        0,
        0,
        0,
        0,
        0,
        0,
        null,
        null,
        0,
        0,
        0,
        0,
        0,
        0,
        0,
        0,
        0,
        0,
        0,
        0,
        0,
        null,
        null,
        null,
        null,
        null,
        null,
        0,
        0,
        0,
        0,
        0,
        0,
        0,
        0,
        0,
        0,
        0,
        0,
        0,
        0,
        0,
        0,
        null,
        null,
        null,
        null,
        null,
        null,
        0,
        0,
        0,
        0,
        0,
        0,
        0,
        0,
        0,
        0,
        0,
        0,
        0,
        null,
        0
      ],
      "/Users/aandrade/Workspace/Transam/transam_spatial/app/controllers/map_searches_controller.rb": [
        0,
        null,
        null,
        0,
        null,
        null,
        null,
        0,
        null,
        0,
        0,
        null,
        0,
        0,
        0,
        0,
        0,
        0,
        0,
        0,
        0,
        null,
        0,
        0,
        0,
        0,
        null,
        null,
        0,
        0,
        null,
        null,
        null,
        0,
        0,
        0,
        0,
        0,
        0,
        0,
        0,
        0,
        0,
        0,
        0,
        0,
        0,
        0,
        0,
        null,
        0,
        0,
        null,
        0,
        null,
        0,
        0,
        null,
        0,
        0,
        0,
        0,
        0,
        null,
        0,
        null,
        0,
        null,
        null,
        null,
        0,
        0,
        0,
        0,
        0,
        0,
        0,
        0,
        0,
        0,
        null,
        0,
        0,
        null,
        0,
        0,
        null,
        null,
        0,
        0,
        0,
        0,
        null,
        0,
        0,
        0,
        null,
        0,
        0,
        0,
        0,
        null,
        0,
        0,
        null,
        0,
        0,
        null,
        0,
        0,
        0,
        0,
        0,
        null,
        0,
        0,
        0,
        0,
        0,
        0,
        0,
        null,
        0
      ],
      "/Users/aandrade/Workspace/Transam/transam_spatial/app/controllers/map_overlay_services_controller.rb": [
        0,
        null,
        0,
        null,
        0,
        0,
        null,
        0,
        null,
        0,
        0,
        0,
        null,
        0,
        0,
        0,
        0,
        null,
        0,
        0,
        null,
        0,
        0,
        0,
        null,
        0,
        0,
        0,
        0,
        0,
        0,
        0,
        0,
        0,
        0,
        0,
        null,
        0,
        0,
        0,
        null,
        0,
        null,
        0,
        0,
        null,
        0,
        0,
        0,
        0,
        0,
        0,
        0,
        0,
        0,
        0,
        0,
        null,
        0,
        0,
        0,
        0,
        0,
        0,
        0,
        0,
        null,
        0,
        null,
        0,
        0,
        0,
        0,
        0,
        0,
        0,
        null,
        0,
        0,
        0,
        null,
        0
      ],
      "/Users/aandrade/Workspace/Transam/transam_spatial/lib/transam_spatial/version.rb": [
        0,
        0,
        0
      ]
    },
    "timestamp": 1546037501
  }
}
